[INFO] Scanning for projects...
[INFO] 
[INFO] -------------------------< 2DAM:Cine_V2_Base >--------------------------
[INFO] Building Cine_V2_Base 0.0.1-SNAPSHOT
[INFO]   from pom.xml
[INFO] --------------------------------[ jar ]---------------------------------
[INFO] 
[INFO] >>> spring-boot:4.0.2:run (default-cli) > test-compile @ Cine_V2_Base >>>
[INFO] 
[INFO] --- resources:3.3.1:resources (default-resources) @ Cine_V2_Base ---
[INFO] Copying 1 resource from src/main/resources to target/classes
[INFO] Copying 0 resource from src/main/resources to target/classes
[INFO] 
[INFO] --- compiler:3.14.1:compile (default-compile) @ Cine_V2_Base ---
[INFO] Nothing to compile - all classes are up to date.
[INFO] 
[INFO] --- resources:3.3.1:testResources (default-testResources) @ Cine_V2_Base ---
[INFO] skip non existing resourceDirectory /home/alejandro/Escritorio/ClaseAminAlejandro/src/test/resources
[INFO] 
[INFO] --- compiler:3.14.1:testCompile (default-testCompile) @ Cine_V2_Base ---
[INFO] Nothing to compile - all classes are up to date.
[INFO] 
[INFO] <<< spring-boot:4.0.2:run (default-cli) < test-compile @ Cine_V2_Base <<<
[INFO] 
[INFO] 
[INFO] --- spring-boot:4.0.2:run (default-cli) @ Cine_V2_Base ---
[INFO] Attaching agents: []

  .   ____          _            __ _ _
 /\\ / ___'_ __ _ _(_)_ __  __ _ \ \ \ \
( ( )\___ | '_ | '_| | '_ \/ _` | \ \ \ \
 \\/  ___)| |_)| | | | | || (_| |  ) ) ) )
  '  |____| .__|_| |_|_| |_\__, | / / / /
 =========|_|==============|___/=/_/_/_/

 :: Spring Boot ::                (v4.0.2)

2026-02-12T10:00:05.102+01:00  INFO 14248 --- [Cine_V2] [           main] _DAM.Cine_V2.CineV2Application           : Starting CineV2Application using Java 21.0.10 with PID 14248 (/home/alejandro/Escritorio/ClaseAminAlejandro/target/classes started by alejandro in /home/alejandro/Escritorio/ClaseAminAlejandro)
2026-02-12T10:00:05.106+01:00  INFO 14248 --- [Cine_V2] [           main] _DAM.Cine_V2.CineV2Application           : No active profile set, falling back to 1 default profile: "default"
2026-02-12T10:00:05.686+01:00  INFO 14248 --- [Cine_V2] [           main] .s.d.r.c.RepositoryConfigurationDelegate : Bootstrapping Spring Data JPA repositories in DEFAULT mode.
2026-02-12T10:00:05.759+01:00  INFO 14248 --- [Cine_V2] [           main] .s.d.r.c.RepositoryConfigurationDelegate : Finished Spring Data repository scanning in 63 ms. Found 9 JPA repository interfaces.
2026-02-12T10:00:06.167+01:00  INFO 14248 --- [Cine_V2] [           main] o.s.boot.tomcat.TomcatWebServer          : Tomcat initialized with port 8081 (http)
2026-02-12T10:00:06.182+01:00  INFO 14248 --- [Cine_V2] [           main] o.apache.catalina.core.StandardService   : Starting service [Tomcat]
2026-02-12T10:00:06.182+01:00  INFO 14248 --- [Cine_V2] [           main] o.apache.catalina.core.StandardEngine    : Starting Servlet engine: [Apache Tomcat/11.0.15]
2026-02-12T10:00:06.219+01:00  INFO 14248 --- [Cine_V2] [           main] b.w.c.s.WebApplicationContextInitializer : Root WebApplicationContext: initialization completed in 1058 ms
2026-02-12T10:00:06.355+01:00  INFO 14248 --- [Cine_V2] [           main] org.hibernate.orm.jpa                    : HHH008540: Processing PersistenceUnitInfo [name: default]
2026-02-12T10:00:06.395+01:00  INFO 14248 --- [Cine_V2] [           main] org.hibernate.orm.core                   : HHH000001: Hibernate ORM core version 7.2.1.Final
2026-02-12T10:00:06.812+01:00  INFO 14248 --- [Cine_V2] [           main] o.s.o.j.p.SpringPersistenceUnitInfo      : No LoadTimeWeaver setup: ignoring JPA class transformer
2026-02-12T10:00:06.841+01:00  INFO 14248 --- [Cine_V2] [           main] com.zaxxer.hikari.HikariDataSource       : HikariPool-1 - Starting...
2026-02-12T10:00:06.973+01:00  INFO 14248 --- [Cine_V2] [           main] com.zaxxer.hikari.pool.HikariPool        : HikariPool-1 - Added connection org.postgresql.jdbc.PgConnection@52856ff9
2026-02-12T10:00:06.975+01:00  INFO 14248 --- [Cine_V2] [           main] com.zaxxer.hikari.HikariDataSource       : HikariPool-1 - Start completed.
2026-02-12T10:00:07.000+01:00  WARN 14248 --- [Cine_V2] [           main] org.hibernate.orm.deprecation            : HHH90000025: PostgreSQLDialect does not need to be specified explicitly using 'hibernate.dialect' (remove the property setting and it will be selected by default)
2026-02-12T10:00:07.019+01:00  INFO 14248 --- [Cine_V2] [           main] org.hibernate.orm.connections.pooling    : HHH10001005: Database info:
	Database JDBC URL [jdbc:postgresql://localhost:5434/cine_db]
	Database driver: PostgreSQL JDBC Driver
	Database dialect: PostgreSQLDialect
	Database version: 15.15
	Default catalog/schema: cine_db/public
	Autocommit mode: undefined/unknown
	Isolation level: READ_COMMITTED [default READ_COMMITTED]
	JDBC fetch size: none
	Pool: DataSourceConnectionProvider
	Minimum pool size: undefined/unknown
	Maximum pool size: undefined/unknown
2026-02-12T10:00:07.978+01:00  INFO 14248 --- [Cine_V2] [           main] org.hibernate.orm.core                   : HHH000489: No JTA platform available (set 'hibernate.transaction.jta.platform' to enable JTA platform integration)
2026-02-12T10:00:08.046+01:00  INFO 14248 --- [Cine_V2] [           main] j.LocalContainerEntityManagerFactoryBean : Initialized JPA EntityManagerFactory for persistence unit 'default'
2026-02-12T10:00:08.134+01:00  INFO 14248 --- [Cine_V2] [           main] o.s.d.j.r.query.QueryEnhancerFactories   : Hibernate is in classpath; If applicable, HQL parser will be used.
2026-02-12T10:00:08.502+01:00  WARN 14248 --- [Cine_V2] [           main] JpaBaseConfiguration$JpaWebConfiguration : spring.jpa.open-in-view is enabled by default. Therefore, database queries may be performed during view rendering. Explicitly configure spring.jpa.open-in-view to disable this warning
2026-02-12T10:00:08.807+01:00  INFO 14248 --- [Cine_V2] [           main] o.s.boot.tomcat.TomcatWebServer          : Tomcat started on port 8081 (http) with context path '/'
2026-02-12T10:00:08.812+01:00  INFO 14248 --- [Cine_V2] [           main] _DAM.Cine_V2.CineV2Application           : Started CineV2Application in 4.078 seconds (process running for 4.375)
Hibernate: select count(*) from rol r1_0
Hibernate: insert into rol (nombre) values (?)
Hibernate: insert into rol (nombre) values (?)
Hibernate: insert into usuario (email,enabled,password) values (?,?,?)
Hibernate: insert into usuario_rol (usuario_id,rol_id) values (?,?)
Hibernate: insert into usuario (email,enabled,password) values (?,?,?)
Hibernate: insert into usuario_rol (usuario_id,rol_id) values (?,?)
Hibernate: insert into director (nombre) values (?)
Hibernate: insert into actor (nombre) values (?)
Hibernate: insert into pelicula (director_id,duracion,edad_minima,titulo) values (?,?,?,?)
Hibernate: insert into pelicula_actor (pelicula_id,actor_id) values (?,?)
Hibernate: insert into sala (capacidad,nombre) values (?,?)
Hibernate: insert into funcion (fecha_hora,pelicula_id,precio,sala_id) values (?,?,?,?)
Data loaded successfully!
2026-02-12T10:01:15.250+01:00  INFO 14248 --- [Cine_V2] [ionShutdownHook] o.s.boot.tomcat.GracefulShutdown         : Commencing graceful shutdown. Waiting for active requests to complete
2026-02-12T10:01:15.253+01:00  INFO 14248 --- [Cine_V2] [tomcat-shutdown] o.s.boot.tomcat.GracefulShutdown         : Graceful shutdown complete
2026-02-12T10:01:15.257+01:00  INFO 14248 --- [Cine_V2] [ionShutdownHook] j.LocalContainerEntityManagerFactoryBean : Closing JPA EntityManagerFactory for persistence unit 'default'
2026-02-12T10:01:15.260+01:00  INFO 14248 --- [Cine_V2] [ionShutdownHook] com.zaxxer.hikari.HikariDataSource       : HikariPool-1 - Shutdown initiated...
2026-02-12T10:01:15.263+01:00  INFO 14248 --- [Cine_V2] [ionShutdownHook] com.zaxxer.hikari.HikariDataSource       : HikariPool-1 - Shutdown completed.
[INFO] ------------------------------------------------------------------------
[INFO] BUILD SUCCESS
[INFO] ------------------------------------------------------------------------
[INFO] Total time:  01:12 min
[INFO] Finished at: 2026-02-12T10:01:15+01:00
[INFO] ------------------------------------------------------------------------
